<?xml version="1.0" encoding="UTF-8"?>
<testsuite name="sample.jsp.SampleWebJspApplicationTests" time="0.266" tests="1" errors="0" skipped="0" failures="1">
  <properties>
[...]
</properties>
  <testcase name="testJspWithEl" classname="sample.jsp.SampleWebJspApplicationTests" time="0.266">
    <failure message="expected:&lt;200&gt; but was:&lt;404&gt;" type="java.lang.AssertionError"><![CDATA[java.lang.AssertionError: expected:<200> but was:<404>
	at org.junit.Assert.fail(Assert.java:88)
	at org.junit.Assert.failNotEquals(Assert.java:743)
	at org.junit.Assert.assertEquals(Assert.java:118)
	at org.junit.Assert.assertEquals(Assert.java:144)
	at sample.jsp.SampleWebJspApplicationTests.testJspWithEl(SampleWebJspApplicationTests.java:53)
]]></failure>
    <system-out><![CDATA[13:56:43.050 [main] DEBUG o.s.t.c.j.SpringJUnit4ClassRunner - SpringJUnit4ClassRunner constructor called with [class sample.jsp.SampleWebJspApplicationTests].
13:56:43.096 [main] DEBUG o.s.test.context.BootstrapUtils - Instantiating TestContextBootstrapper from class [org.springframework.test.context.web.WebTestContextBootstrapper]
13:56:43.133 [main] DEBUG o.s.t.c.w.WebTestContextBootstrapper - Found explicit ContextLoader class [org.springframework.boot.test.SpringApplicationContextLoader] for context configuration attributes [ContextConfigurationAttributes@27c20538 declaringClass = 'sample.jsp.SampleWebJspApplicationTests', classes = '{class sample.jsp.SampleWebJspApplication}', locations = '{}', inheritLocations = true, initializers = '{}', inheritInitializers = true, name = [null], contextLoaderClass = 'org.springframework.boot.test.SpringApplicationContextLoader']
13:56:43.139 [main] DEBUG o.s.t.c.support.ActiveProfilesUtils - Could not find an 'annotation declaring class' for annotation type [org.springframework.test.context.ActiveProfiles] and class [sample.jsp.SampleWebJspApplicationTests]
13:56:43.148 [main] INFO  o.s.t.c.w.WebTestContextBootstrapper - Using TestExecutionListeners: [org.springframework.boot.test.IntegrationTestPropertiesListener@7791a895, org.springframework.test.context.support.DependencyInjectionTestExecutionListener@3a5ed7a6, org.springframework.test.context.support.DirtiesContextTestExecutionListener@6325a3ee, org.springframework.test.context.transaction.TransactionalTestExecutionListener@1d16f93d]
13:56:43.150 [main] DEBUG o.s.t.annotation.ProfileValueUtils - Retrieved @ProfileValueSourceConfiguration [null] for test class [sample.jsp.SampleWebJspApplicationTests]
13:56:43.151 [main] DEBUG o.s.t.annotation.ProfileValueUtils - Retrieved ProfileValueSource type [class org.springframework.test.annotation.SystemProfileValueSource] for class [sample.jsp.SampleWebJspApplicationTests]
13:56:43.151 [main] DEBUG o.s.t.annotation.ProfileValueUtils - Retrieved @ProfileValueSourceConfiguration [null] for test class [sample.jsp.SampleWebJspApplicationTests]
13:56:43.151 [main] DEBUG o.s.t.annotation.ProfileValueUtils - Retrieved ProfileValueSource type [class org.springframework.test.annotation.SystemProfileValueSource] for class [sample.jsp.SampleWebJspApplicationTests]
13:56:43.153 [main] DEBUG o.s.t.annotation.ProfileValueUtils - Retrieved @ProfileValueSourceConfiguration [null] for test class [sample.jsp.SampleWebJspApplicationTests]
13:56:43.153 [main] DEBUG o.s.t.annotation.ProfileValueUtils - Retrieved ProfileValueSource type [class org.springframework.test.annotation.SystemProfileValueSource] for class [sample.jsp.SampleWebJspApplicationTests]
13:56:43.155 [main] DEBUG o.s.test.util.ReflectionTestUtils - Getting field [mergedContextConfiguration] from target [[DefaultTestContext@49fc609f testClass = SampleWebJspApplicationTests, testInstance = sample.jsp.SampleWebJspApplicationTests@cd2dae5, testMethod = [null], testException = [null], mergedContextConfiguration = [WebMergedContextConfiguration@3a883ce7 testClass = SampleWebJspApplicationTests, locations = '{}', classes = '{class sample.jsp.SampleWebJspApplication}', contextInitializerClasses = '[]', activeProfiles = '{}', propertySourceLocations = '{}', propertySourceProperties = '{}', resourceBasePath = 'src/main/webapp', contextLoader = 'org.springframework.boot.test.SpringApplicationContextLoader', parent = [null]]]]
13:56:43.156 [main] DEBUG o.s.test.util.ReflectionTestUtils - Setting field [propertySourceProperties] of type [null] on target [[WebMergedContextConfiguration@3a883ce7 testClass = SampleWebJspApplicationTests, locations = '{}', classes = '{class sample.jsp.SampleWebJspApplication}', contextInitializerClasses = '[]', activeProfiles = '{}', propertySourceLocations = '{}', propertySourceProperties = '{}', resourceBasePath = 'src/main/webapp', contextLoader = 'org.springframework.boot.test.SpringApplicationContextLoader', parent = [null]]] to value [[Ljava.lang.String;@79be0360]
13:56:43.156 [main] DEBUG o.s.t.c.s.DependencyInjectionTestExecutionListener - Performing dependency injection for test context [[DefaultTestContext@49fc609f testClass = SampleWebJspApplicationTests, testInstance = sample.jsp.SampleWebJspApplicationTests@cd2dae5, testMethod = [null], testException = [null], mergedContextConfiguration = [WebMergedContextConfiguration@3a883ce7 testClass = SampleWebJspApplicationTests, locations = '{}', classes = '{class sample.jsp.SampleWebJspApplication}', contextInitializerClasses = '[]', activeProfiles = '{}', propertySourceLocations = '{}', propertySourceProperties = '{server.port:0}', resourceBasePath = 'src/main/webapp', contextLoader = 'org.springframework.boot.test.SpringApplicationContextLoader', parent = [null]]]].
13:56:43.271 [main] DEBUG o.s.core.env.StandardEnvironment - Adding [systemProperties] PropertySource with lowest search precedence
13:56:43.273 [main] DEBUG o.s.core.env.StandardEnvironment - Adding [systemEnvironment] PropertySource with lowest search precedence
13:56:43.273 [main] DEBUG o.s.core.env.StandardEnvironment - Initialized StandardEnvironment with PropertySources [systemProperties,systemEnvironment]
13:56:43.273 [main] DEBUG o.s.core.env.StandardEnvironment - Adding [integrationTest] PropertySource with search precedence immediately lower than [systemEnvironment]

  .   ____          _            __ _ _
 /\\ / ___'_ __ _ _(_)_ __  __ _ \ \ \ \
( ( )\___ | '_ | '_| | '_ \/ _` | \ \ \ \
 \\/  ___)| |_)| | | | | || (_| |  ) ) ) )
  '  |____| .__|_| |_|_| |_\__, | / / / /
 =========|_|==============|___/=/_/_/_/
 :: Spring Boot ::  (v1.2.0.BUILD-SNAPSHOT)

2014-11-13 13:56:43.613  INFO 7377 --- [           main] o.a.maven.surefire.booter.ForkedBooter   : Starting ForkedBooter v2.17 on lpp-Lenovo with PID 7377 (/home/lpp/profile/apache-maven-3.2.3/setting/org/apache/maven/surefire/surefire-booter/2.17/surefire-booter-2.17.jar started by lpp in /home/lpp/下载/spring-boot-master/spring-boot-samples/spring-boot-sample-web-jsp)
2014-11-13 13:56:43.670  INFO 7377 --- [           main] ationConfigEmbeddedWebApplicationContext : Refreshing org.springframework.boot.context.embedded.AnnotationConfigEmbeddedWebApplicationContext@318ba8c8: startup date [Thu Nov 13 13:56:43 CST 2014]; root of context hierarchy
2014-11-13 13:56:44.195  INFO 7377 --- [           main] o.s.b.f.s.DefaultListableBeanFactory     : Overriding bean definition for bean 'beanNameViewResolver': replacing [Root bean: class [null]; scope=; abstract=false; lazyInit=false; autowireMode=3; dependencyCheck=0; autowireCandidate=true; primary=false; factoryBeanName=org.springframework.boot.autoconfigure.web.ErrorMvcAutoConfiguration$WhitelabelErrorViewConfiguration; factoryMethodName=beanNameViewResolver; initMethodName=null; destroyMethodName=(inferred); defined in class path resource [org/springframework/boot/autoconfigure/web/ErrorMvcAutoConfiguration$WhitelabelErrorViewConfiguration.class]] with [Root bean: class [null]; scope=; abstract=false; lazyInit=false; autowireMode=3; dependencyCheck=0; autowireCandidate=true; primary=false; factoryBeanName=org.springframework.boot.autoconfigure.web.WebMvcAutoConfiguration$WebMvcAutoConfigurationAdapter; factoryMethodName=beanNameViewResolver; initMethodName=null; destroyMethodName=(inferred); defined in class path resource [org/springframework/boot/autoconfigure/web/WebMvcAutoConfiguration$WebMvcAutoConfigurationAdapter.class]]
2014-11-13 13:56:44.614  INFO 7377 --- [           main] trationDelegate$BeanPostProcessorChecker : Bean 'org.springframework.boot.autoconfigure.dao.PersistenceExceptionTranslationAutoConfiguration' of type [class org.springframework.boot.autoconfigure.dao.PersistenceExceptionTranslationAutoConfiguration] is not eligible for getting processed by all BeanPostProcessors (for example: not eligible for auto-proxying)
2014-11-13 13:56:44.650  INFO 7377 --- [           main] trationDelegate$BeanPostProcessorChecker : Bean 'org.springframework.transaction.annotation.ProxyTransactionManagementConfiguration' of type [class org.springframework.transaction.annotation.ProxyTransactionManagementConfiguration$$EnhancerBySpringCGLIB$$cd7b3e41] is not eligible for getting processed by all BeanPostProcessors (for example: not eligible for auto-proxying)
2014-11-13 13:56:44.664  INFO 7377 --- [           main] trationDelegate$BeanPostProcessorChecker : Bean 'transactionAttributeSource' of type [class org.springframework.transaction.annotation.AnnotationTransactionAttributeSource] is not eligible for getting processed by all BeanPostProcessors (for example: not eligible for auto-proxying)
2014-11-13 13:56:44.673  INFO 7377 --- [           main] trationDelegate$BeanPostProcessorChecker : Bean 'transactionInterceptor' of type [class org.springframework.transaction.interceptor.TransactionInterceptor] is not eligible for getting processed by all BeanPostProcessors (for example: not eligible for auto-proxying)
2014-11-13 13:56:44.677  INFO 7377 --- [           main] trationDelegate$BeanPostProcessorChecker : Bean 'org.springframework.transaction.config.internalTransactionAdvisor' of type [class org.springframework.transaction.interceptor.BeanFactoryTransactionAttributeSourceAdvisor] is not eligible for getting processed by all BeanPostProcessors (for example: not eligible for auto-proxying)
2014-11-13 13:56:45.074  INFO 7377 --- [           main] s.b.c.e.t.TomcatEmbeddedServletContainer : Tomcat initialized with port(s): 0/http
2014-11-13 13:56:45.290  INFO 7377 --- [           main] o.apache.catalina.core.StandardService   : Starting service Tomcat
2014-11-13 13:56:45.291  INFO 7377 --- [           main] org.apache.catalina.core.StandardEngine  : Starting Servlet Engine: Apache Tomcat/8.0.14
2014-11-13 13:56:45.372  INFO 7377 --- [ost-startStop-1] o.a.c.c.C.[Tomcat].[localhost].[/]       : Initializing Spring embedded WebApplicationContext
2014-11-13 13:56:45.372  INFO 7377 --- [ost-startStop-1] o.s.web.context.ContextLoader            : Root WebApplicationContext: initialization completed in 1705 ms
2014-11-13 13:56:45.835  INFO 7377 --- [ost-startStop-1] o.s.b.c.e.ServletRegistrationBean        : Mapping servlet: 'dispatcherServlet' to [/]
2014-11-13 13:56:45.847  INFO 7377 --- [ost-startStop-1] o.s.b.c.embedded.FilterRegistrationBean  : Mapping filter: 'hiddenHttpMethodFilter' to: [/*]
2014-11-13 13:56:45.847  INFO 7377 --- [ost-startStop-1] o.s.b.c.embedded.FilterRegistrationBean  : Mapping filter: 'characterEncodingFilter' to: [/*]
2014-11-13 13:56:45.883  INFO 7377 --- [ost-startStop-1] org.apache.jasper.servlet.TldScanner     : At least one JAR was scanned for TLDs yet contained no TLDs. Enable debug logging for this logger for a complete list of JARs that were scanned but no TLDs were found in them. Skipping unneeded JARs during scanning can improve startup time and JSP compilation time.
2014-11-13 13:56:45.902  INFO 7377 --- [           main] o.s.c.s.ClassPathXmlApplicationContext   : Refreshing org.springframework.context.support.ClassPathXmlApplicationContext@d78795: startup date [Thu Nov 13 13:56:45 CST 2014]; root of context hierarchy
2014-11-13 13:56:45.905  INFO 7377 --- [           main] o.s.b.f.xml.XmlBeanDefinitionReader      : Loading XML bean definitions from class path resource [applicationContext.xml]
2014-11-13 13:56:46.086  INFO 7377 --- [           main] o.s.w.s.handler.SimpleUrlHandlerMapping  : Mapped URL path [/**/favicon.ico] onto handler of type [class org.springframework.web.servlet.resource.ResourceHttpRequestHandler]
2014-11-13 13:56:46.182  INFO 7377 --- [           main] s.w.s.m.m.a.RequestMappingHandlerMapping : Mapped "{[/user/userByName],methods=[],params=[],headers=[],consumes=[],produces=[],custom=[]}" onto public java.lang.String sample.jsp.UserController.getUserByName(java.lang.String,java.util.Map<java.lang.String, java.lang.Object>)
2014-11-13 13:56:46.183  INFO 7377 --- [           main] s.w.s.m.m.a.RequestMappingHandlerMapping : Mapped "{[/user/updateUser],methods=[],params=[],headers=[],consumes=[],produces=[],custom=[]}" onto public java.lang.String sample.jsp.UserController.updateUser(java.lang.String,java.lang.String,java.lang.String,java.util.Map<java.lang.String, java.lang.Object>)
2014-11-13 13:56:46.183  INFO 7377 --- [           main] s.w.s.m.m.a.RequestMappingHandlerMapping : Mapped "{[/user/deleteUser],methods=[],params=[],headers=[],consumes=[],produces=[],custom=[]}" onto public java.lang.String sample.jsp.UserController.updateUser(java.lang.String,java.util.Map<java.lang.String, java.lang.Object>)
2014-11-13 13:56:46.183  INFO 7377 --- [           main] s.w.s.m.m.a.RequestMappingHandlerMapping : Mapped "{[/user/saveUser],methods=[],params=[],headers=[],consumes=[],produces=[],custom=[]}" onto public java.lang.String sample.jsp.UserController.saveUser(java.lang.String,java.lang.String,java.lang.String,java.util.Map<java.lang.String, java.lang.Object>)
2014-11-13 13:56:46.184  INFO 7377 --- [           main] s.w.s.m.m.a.RequestMappingHandlerMapping : Mapped "{[/user/id],methods=[],params=[],headers=[],consumes=[],produces=[],custom=[]}" onto public fragment.User sample.jsp.UserController.getUser()
2014-11-13 13:56:46.184  INFO 7377 --- [           main] s.w.s.m.m.a.RequestMappingHandlerMapping : Mapped "{[/user/allusers],methods=[],params=[],headers=[],consumes=[],produces=[],custom=[]}" onto public java.lang.String sample.jsp.UserController.getUsers(java.util.Map<java.lang.String, java.lang.Object>)
2014-11-13 13:56:46.184  INFO 7377 --- [           main] s.w.s.m.m.a.RequestMappingHandlerMapping : Mapped "{[/user/searchuser],methods=[],params=[],headers=[],consumes=[],produces=[],custom=[]}" onto public java.lang.String sample.jsp.UserController.getUsers(java.lang.String,java.lang.String,java.util.Map<java.lang.String, java.lang.Object>)
2014-11-13 13:56:46.184  INFO 7377 --- [           main] s.w.s.m.m.a.RequestMappingHandlerMapping : Mapped "{[/jsp],methods=[],params=[],headers=[],consumes=[],produces=[],custom=[]}" onto public java.lang.String sample.jsp.WelcomeController.welcome(java.util.Map<java.lang.String, java.lang.Object>)
2014-11-13 13:56:46.185  INFO 7377 --- [           main] s.w.s.m.m.a.RequestMappingHandlerMapping : Mapped "{[/foo],methods=[],params=[],headers=[],consumes=[],produces=[],custom=[]}" onto public java.lang.String sample.jsp.WelcomeController.foo(java.util.Map<java.lang.String, java.lang.Object>)
2014-11-13 13:56:46.186  INFO 7377 --- [           main] s.w.s.m.m.a.RequestMappingHandlerMapping : Mapped "{[/error],methods=[],params=[],headers=[],consumes=[],produces=[text/html],custom=[]}" onto public org.springframework.web.servlet.ModelAndView org.springframework.boot.autoconfigure.web.BasicErrorController.errorHtml(javax.servlet.http.HttpServletRequest)
2014-11-13 13:56:46.186  INFO 7377 --- [           main] s.w.s.m.m.a.RequestMappingHandlerMapping : Mapped "{[/error],methods=[],params=[],headers=[],consumes=[],produces=[],custom=[]}" onto public org.springframework.http.ResponseEntity<java.util.Map<java.lang.String, java.lang.Object>> org.springframework.boot.autoconfigure.web.BasicErrorController.error(javax.servlet.http.HttpServletRequest)
2014-11-13 13:56:46.203  INFO 7377 --- [           main] o.s.w.s.handler.SimpleUrlHandlerMapping  : Mapped URL path [/webjars/**] onto handler of type [class org.springframework.web.servlet.resource.ResourceHttpRequestHandler]
2014-11-13 13:56:46.203  INFO 7377 --- [           main] o.s.w.s.handler.SimpleUrlHandlerMapping  : Mapped URL path [/**] onto handler of type [class org.springframework.web.servlet.resource.ResourceHttpRequestHandler]
2014-11-13 13:56:46.227  INFO 7377 --- [           main] s.w.s.m.m.a.RequestMappingHandlerAdapter : Looking for @ControllerAdvice: org.springframework.boot.context.embedded.AnnotationConfigEmbeddedWebApplicationContext@318ba8c8: startup date [Thu Nov 13 13:56:43 CST 2014]; root of context hierarchy
2014-11-13 13:56:46.464  INFO 7377 --- [           main] s.b.c.e.t.TomcatEmbeddedServletContainer : Tomcat started on port(s): 59164/http
2014-11-13 13:56:46.466  INFO 7377 --- [           main] o.a.maven.surefire.booter.ForkedBooter   : Started ForkedBooter in 3.19 seconds (JVM running for 3.88)
2014-11-13 13:56:46.613  INFO 7377 --- [o-auto-1-exec-1] o.a.c.c.C.[Tomcat].[localhost].[/]       : Initializing Spring FrameworkServlet 'dispatcherServlet'
2014-11-13 13:56:46.613  INFO 7377 --- [o-auto-1-exec-1] o.s.web.servlet.DispatcherServlet        : FrameworkServlet 'dispatcherServlet': initialization started
2014-11-13 13:56:46.627  INFO 7377 --- [o-auto-1-exec-1] o.s.web.servlet.DispatcherServlet        : FrameworkServlet 'dispatcherServlet': initialization completed in 14 ms
2014-11-13 13:56:46.724  WARN 7377 --- [           main] o.s.boot.test.TestRestTemplate           : GET request for "http://localhost:59164" resulted in 404 (Not Found); invoking error handler
]]></system-out>
  </testcase>
</testsuite>